2025-10-21T00:02:14.252+02:00  INFO [psp-backend,N/A,N/A] 5204 --- [SpringApplicationShutdownHook] j.LocalContainerEntityManagerFactoryBean : Closing JPA EntityManagerFactory for persistence unit 'default'
2025-10-21T00:02:14.319+02:00  INFO [psp-backend,N/A,N/A] 5204 --- [SpringApplicationShutdownHook] com.zaxxer.hikari.HikariDataSource       : HikariPool-1 - Shutdown initiated...
2025-10-21T00:02:14.341+02:00  INFO [psp-backend,N/A,N/A] 5204 --- [SpringApplicationShutdownHook] com.zaxxer.hikari.HikariDataSource       : HikariPool-1 - Shutdown completed.
2025-10-21T16:45:40.269+02:00  INFO [psp-backend,N/A,N/A] 16240 --- [main] c.psp.psp_backend.PspBackendApplication  : Starting PspBackendApplication using Java 20.0.1 with PID 16240 (C:\Users\Miljana\Documents\SEP\Electronic-payment-system\psp\psp-backend\target\classes started by Miljana in C:\Users\Miljana\Documents\SEP\Electronic-payment-system\psp\psp-backend)
2025-10-21T16:45:40.273+02:00  INFO [psp-backend,N/A,N/A] 16240 --- [main] c.psp.psp_backend.PspBackendApplication  : No active profile set, falling back to 1 default profile: "default"
2025-10-21T16:45:43.329+02:00  INFO [psp-backend,N/A,N/A] 16240 --- [main] .s.d.r.c.RepositoryConfigurationDelegate : Bootstrapping Spring Data JPA repositories in DEFAULT mode.
2025-10-21T16:45:43.894+02:00  INFO [psp-backend,N/A,N/A] 16240 --- [main] .s.d.r.c.RepositoryConfigurationDelegate : Finished Spring Data repository scanning in 542 ms. Found 6 JPA repository interfaces.
2025-10-21T16:45:44.646+02:00  INFO [psp-backend,N/A,N/A] 16240 --- [main] o.s.cloud.context.scope.GenericScope     : BeanFactory id=ab3e0c17-ef1b-37e1-9c2e-7fd0795476de
2025-10-21T16:45:45.157+02:00  INFO [psp-backend,N/A,N/A] 16240 --- [main] trationDelegate$BeanPostProcessorChecker : Bean 'org.springframework.cloud.client.loadbalancer.reactive.LoadBalancerBeanPostProcessorAutoConfiguration' of type [org.springframework.cloud.client.loadbalancer.reactive.LoadBalancerBeanPostProcessorAutoConfiguration] is not eligible for getting processed by all BeanPostProcessors (for example: not eligible for auto-proxying)
2025-10-21T16:45:45.161+02:00  INFO [psp-backend,N/A,N/A] 16240 --- [main] trationDelegate$BeanPostProcessorChecker : Bean 'org.springframework.cloud.client.loadbalancer.reactive.LoadBalancerBeanPostProcessorAutoConfiguration$ReactorDeferringLoadBalancerFilterConfig' of type [org.springframework.cloud.client.loadbalancer.reactive.LoadBalancerBeanPostProcessorAutoConfiguration$ReactorDeferringLoadBalancerFilterConfig] is not eligible for getting processed by all BeanPostProcessors (for example: not eligible for auto-proxying)
2025-10-21T16:45:45.167+02:00  INFO [psp-backend,N/A,N/A] 16240 --- [main] trationDelegate$BeanPostProcessorChecker : Bean 'reactorDeferringLoadBalancerExchangeFilterFunction' of type [org.springframework.cloud.client.loadbalancer.reactive.DeferringLoadBalancerExchangeFilterFunction] is not eligible for getting processed by all BeanPostProcessors (for example: not eligible for auto-proxying)
2025-10-21T16:45:46.264+02:00  INFO [psp-backend,N/A,N/A] 16240 --- [main] o.s.b.w.embedded.tomcat.TomcatWebServer  : Tomcat initialized with port(s): 8082 (https)
2025-10-21T16:45:46.297+02:00  INFO [psp-backend,N/A,N/A] 16240 --- [main] o.apache.catalina.core.StandardService   : Starting service [Tomcat]
2025-10-21T16:45:46.298+02:00  INFO [psp-backend,N/A,N/A] 16240 --- [main] o.apache.catalina.core.StandardEngine    : Starting Servlet engine: [Apache Tomcat/10.1.15]
2025-10-21T16:45:46.527+02:00  INFO [psp-backend,N/A,N/A] 16240 --- [main] o.a.c.c.C.[Tomcat].[localhost].[/]       : Initializing Spring embedded WebApplicationContext
2025-10-21T16:45:46.528+02:00  INFO [psp-backend,N/A,N/A] 16240 --- [main] w.s.c.ServletWebServerApplicationContext : Root WebApplicationContext: initialization completed in 6187 ms
2025-10-21T16:45:48.647+02:00  INFO [psp-backend,N/A,N/A] 16240 --- [main] o.hibernate.jpa.internal.util.LogHelper  : HHH000204: Processing PersistenceUnitInfo [name: default]
2025-10-21T16:45:48.775+02:00  INFO [psp-backend,N/A,N/A] 16240 --- [main] org.hibernate.Version                    : HHH000412: Hibernate ORM core version 6.2.13.Final
2025-10-21T16:45:48.778+02:00  INFO [psp-backend,N/A,N/A] 16240 --- [main] org.hibernate.cfg.Environment            : HHH000406: Using bytecode reflection optimizer
2025-10-21T16:45:49.352+02:00  INFO [psp-backend,N/A,N/A] 16240 --- [main] o.s.o.j.p.SpringPersistenceUnitInfo      : No LoadTimeWeaver setup: ignoring JPA class transformer
2025-10-21T16:45:49.398+02:00  INFO [psp-backend,N/A,N/A] 16240 --- [main] com.zaxxer.hikari.HikariDataSource       : HikariPool-1 - Starting...
2025-10-21T16:45:49.723+02:00  INFO [psp-backend,N/A,N/A] 16240 --- [main] com.zaxxer.hikari.pool.HikariPool        : HikariPool-1 - Added connection org.postgresql.jdbc.PgConnection@3dfa2f64
2025-10-21T16:45:49.725+02:00  INFO [psp-backend,N/A,N/A] 16240 --- [main] com.zaxxer.hikari.HikariDataSource       : HikariPool-1 - Start completed.
2025-10-21T16:45:49.796+02:00  WARN [psp-backend,N/A,N/A] 16240 --- [main] org.hibernate.orm.deprecation            : HHH90000025: PostgreSQLDialect does not need to be specified explicitly using 'hibernate.dialect' (remove the property setting and it will be selected by default)
2025-10-21T16:45:53.018+02:00  INFO [psp-backend,N/A,N/A] 16240 --- [main] o.h.e.t.j.p.i.JtaPlatformInitiator       : HHH000489: No JTA platform available (set 'hibernate.transaction.jta.platform' to enable JTA platform integration)
2025-10-21T16:45:53.429+02:00  INFO [psp-backend,N/A,N/A] 16240 --- [main] j.LocalContainerEntityManagerFactoryBean : Initialized JPA EntityManagerFactory for persistence unit 'default'
2025-10-21T16:45:54.385+02:00  INFO [psp-backend,N/A,N/A] 16240 --- [main] o.s.d.j.r.query.QueryEnhancerFactory     : Hibernate is in classpath; If applicable, HQL parser will be used.
2025-10-21T16:45:56.815+02:00  WARN [psp-backend,N/A,N/A] 16240 --- [main] JpaBaseConfiguration$JpaWebConfiguration : spring.jpa.open-in-view is enabled by default. Therefore, database queries may be performed during view rendering. Explicitly configure spring.jpa.open-in-view to disable this warning
2025-10-21T16:45:58.573+02:00  INFO [psp-backend,N/A,N/A] 16240 --- [main] o.s.b.a.e.web.EndpointLinksResolver      : Exposing 3 endpoint(s) beneath base path '/actuator'
2025-10-21T16:45:58.862+02:00  INFO [psp-backend,N/A,N/A] 16240 --- [main] o.s.s.web.DefaultSecurityFilterChain     : Will secure any request with [org.springframework.security.web.session.DisableEncodeUrlFilter@5d98522c, org.springframework.security.web.context.request.async.WebAsyncManagerIntegrationFilter@43e869ea, org.springframework.security.web.context.SecurityContextHolderFilter@606cb314, org.springframework.security.web.header.HeaderWriterFilter@49f8b57d, org.springframework.web.filter.CorsFilter@8f7cbcc, org.springframework.security.web.authentication.logout.LogoutFilter@6153b116, org.springframework.security.oauth2.server.resource.web.authentication.BearerTokenAuthenticationFilter@3f92977a, org.springframework.security.web.authentication.www.BasicAuthenticationFilter@45e1d6a5, org.springframework.security.web.savedrequest.RequestCacheAwareFilter@8862881, org.springframework.security.web.servletapi.SecurityContextHolderAwareRequestFilter@61668c05, org.springframework.security.web.authentication.AnonymousAuthenticationFilter@10b9956a, org.springframework.security.web.session.SessionManagementFilter@53b1a09f, org.springframework.security.web.access.ExceptionTranslationFilter@4b2164a9, org.springframework.security.web.access.intercept.AuthorizationFilter@6dbf042]
2025-10-21T16:46:00.890+02:00  INFO [psp-backend,N/A,N/A] 16240 --- [main] DiscoveryClientOptionalArgsConfiguration : Eureka HTTP Client uses RestTemplate.
2025-10-21T16:46:01.075+02:00  WARN [psp-backend,N/A,N/A] 16240 --- [main] iguration$LoadBalancerCaffeineWarnLogger : Spring Cloud LoadBalancer is currently working with the default cache. While this cache implementation is useful for development and tests, it's recommended to use Caffeine cache in production.You can switch to using Caffeine cache, by adding it and org.springframework.cache.caffeine.CaffeineCacheManager to the classpath.
2025-10-21T16:46:02.094+02:00  INFO [psp-backend,N/A,N/A] 16240 --- [main] o.a.t.util.net.NioEndpoint.certificate   : Connector [https-jsse-nio-8082], TLS virtual host [_default_], certificate type [UNDEFINED] configured from keystore [C:\Users\Miljana\.keystore] using alias [psp] with trust store [null]
2025-10-21T16:46:02.315+02:00  INFO [psp-backend,N/A,N/A] 16240 --- [main] o.s.b.w.embedded.tomcat.TomcatWebServer  : Tomcat started on port(s): 8082 (https) with context path ''
2025-10-21T16:46:03.392+02:00  INFO [psp-backend,N/A,N/A] 16240 --- [main] c.psp.psp_backend.PspBackendApplication  : Started PspBackendApplication in 24.156 seconds (process running for 25.738)
2025-10-21T16:46:09.396+02:00  INFO [psp-backend,N/A,N/A] 16240 --- [https-jsse-nio-8082-exec-4] o.a.c.c.C.[Tomcat].[localhost].[/]       : Initializing Spring DispatcherServlet 'dispatcherServlet'
2025-10-21T16:46:09.396+02:00  INFO [psp-backend,N/A,N/A] 16240 --- [https-jsse-nio-8082-exec-4] o.s.web.servlet.DispatcherServlet        : Initializing Servlet 'dispatcherServlet'
2025-10-21T16:46:09.400+02:00  INFO [psp-backend,N/A,N/A] 16240 --- [https-jsse-nio-8082-exec-4] o.s.web.servlet.DispatcherServlet        : Completed initialization in 3 ms
2025-10-21T17:26:42.709+02:00  INFO [psp-backend,N/A,N/A] 16240 --- [SpringApplicationShutdownHook] j.LocalContainerEntityManagerFactoryBean : Closing JPA EntityManagerFactory for persistence unit 'default'
2025-10-21T17:26:42.725+02:00  INFO [psp-backend,N/A,N/A] 16240 --- [SpringApplicationShutdownHook] com.zaxxer.hikari.HikariDataSource       : HikariPool-1 - Shutdown initiated...
2025-10-21T17:26:42.733+02:00  INFO [psp-backend,N/A,N/A] 16240 --- [SpringApplicationShutdownHook] com.zaxxer.hikari.HikariDataSource       : HikariPool-1 - Shutdown completed.
