2025-10-21T00:00:00.670+02:00  INFO [webshop-backend,N/A,N/A] 15980 --- [webshop-backend] [main] [                                                 ] .s.d.r.c.RepositoryConfigurationDelegate : Bootstrapping Spring Data JPA repositories in DEFAULT mode.
2025-10-21T00:00:01.193+02:00  INFO [webshop-backend,N/A,N/A] 15980 --- [webshop-backend] [main] [                                                 ] .s.d.r.c.RepositoryConfigurationDelegate : Finished Spring Data repository scanning in 463 ms. Found 7 JPA repository interfaces.
2025-10-21T00:00:04.332+02:00  INFO [webshop-backend,N/A,N/A] 15980 --- [webshop-backend] [main] [                                                 ] o.s.b.w.embedded.tomcat.TomcatWebServer  : Tomcat initialized with port 8081 (https)
2025-10-21T00:00:04.368+02:00  INFO [webshop-backend,N/A,N/A] 15980 --- [webshop-backend] [main] [                                                 ] o.apache.catalina.core.StandardService   : Starting service [Tomcat]
2025-10-21T00:00:04.368+02:00  INFO [webshop-backend,N/A,N/A] 15980 --- [webshop-backend] [main] [                                                 ] o.apache.catalina.core.StandardEngine    : Starting Servlet engine: [Apache Tomcat/10.1.31]
2025-10-21T00:00:04.539+02:00  INFO [webshop-backend,N/A,N/A] 15980 --- [webshop-backend] [main] [                                                 ] o.a.c.c.C.[Tomcat].[localhost].[/]       : Initializing Spring embedded WebApplicationContext
2025-10-21T00:00:04.540+02:00  INFO [webshop-backend,N/A,N/A] 15980 --- [webshop-backend] [main] [                                                 ] w.s.c.ServletWebServerApplicationContext : Root WebApplicationContext: initialization completed in 6851 ms
2025-10-21T00:00:06.898+02:00  INFO [webshop-backend,N/A,N/A] 15980 --- [webshop-backend] [main] [                                                 ] o.hibernate.jpa.internal.util.LogHelper  : HHH000204: Processing PersistenceUnitInfo [name: default]
2025-10-21T00:00:07.087+02:00  INFO [webshop-backend,N/A,N/A] 15980 --- [webshop-backend] [main] [                                                 ] org.hibernate.Version                    : HHH000412: Hibernate ORM core version 6.5.3.Final
2025-10-21T00:00:07.188+02:00  INFO [webshop-backend,N/A,N/A] 15980 --- [webshop-backend] [main] [                                                 ] o.h.c.internal.RegionFactoryInitiator    : HHH000026: Second-level cache disabled
2025-10-21T00:00:08.111+02:00  INFO [webshop-backend,N/A,N/A] 15980 --- [webshop-backend] [main] [                                                 ] o.s.o.j.p.SpringPersistenceUnitInfo      : No LoadTimeWeaver setup: ignoring JPA class transformer
2025-10-21T00:00:08.190+02:00  INFO [webshop-backend,N/A,N/A] 15980 --- [webshop-backend] [main] [                                                 ] com.zaxxer.hikari.HikariDataSource       : HikariPool-1 - Starting...
2025-10-21T00:00:08.607+02:00  INFO [webshop-backend,N/A,N/A] 15980 --- [webshop-backend] [main] [                                                 ] com.zaxxer.hikari.pool.HikariPool        : HikariPool-1 - Added connection org.postgresql.jdbc.PgConnection@1b901f7b
2025-10-21T00:00:08.611+02:00  INFO [webshop-backend,N/A,N/A] 15980 --- [webshop-backend] [main] [                                                 ] com.zaxxer.hikari.HikariDataSource       : HikariPool-1 - Start completed.
2025-10-21T00:00:08.698+02:00  WARN [webshop-backend,N/A,N/A] 15980 --- [webshop-backend] [main] [                                                 ] org.hibernate.orm.deprecation            : HHH90000025: PostgreSQLDialect does not need to be specified explicitly using 'hibernate.dialect' (remove the property setting and it will be selected by default)
2025-10-21T00:00:11.448+02:00  INFO [webshop-backend,N/A,N/A] 15980 --- [webshop-backend] [main] [                                                 ] o.h.e.t.j.p.i.JtaPlatformInitiator       : HHH000489: No JTA platform available (set 'hibernate.transaction.jta.platform' to enable JTA platform integration)
2025-10-21T00:00:11.802+02:00  INFO [webshop-backend,N/A,N/A] 15980 --- [webshop-backend] [main] [                                                 ] j.LocalContainerEntityManagerFactoryBean : Initialized JPA EntityManagerFactory for persistence unit 'default'
2025-10-21T00:00:12.931+02:00  INFO [webshop-backend,N/A,N/A] 15980 --- [webshop-backend] [main] [                                                 ] o.s.d.j.r.query.QueryEnhancerFactory     : Hibernate is in classpath; If applicable, HQL parser will be used.
2025-10-21T00:00:15.270+02:00  WARN [webshop-backend,N/A,N/A] 15980 --- [webshop-backend] [main] [                                                 ] JpaBaseConfiguration$JpaWebConfiguration : spring.jpa.open-in-view is enabled by default. Therefore, database queries may be performed during view rendering. Explicitly configure spring.jpa.open-in-view to disable this warning
2025-10-21T00:00:15.351+02:00  INFO [webshop-backend,N/A,N/A] 15980 --- [webshop-backend] [main] [                                                 ] r$InitializeUserDetailsManagerConfigurer : Global AuthenticationManager configured with UserDetailsService bean with name jpaUserDetailsService
2025-10-21T00:00:16.645+02:00  INFO [webshop-backend,N/A,N/A] 15980 --- [webshop-backend] [main] [                                                 ] o.s.b.a.e.web.EndpointLinksResolver      : Exposing 1 endpoint beneath base path '/actuator'
2025-10-21T00:00:18.627+02:00  INFO [webshop-backend,N/A,N/A] 15980 --- [webshop-backend] [main] [                                                 ] o.a.t.util.net.NioEndpoint.certificate   : Connector [https-jsse-nio-8081], TLS virtual host [_default_], certificate type [UNDEFINED] configured from keystore [C:\Users\Miljana\.keystore] using alias [webshop] with trust store [null]
2025-10-21T00:00:18.684+02:00  INFO [webshop-backend,N/A,N/A] 15980 --- [webshop-backend] [main] [                                                 ] o.s.b.w.embedded.tomcat.TomcatWebServer  : Tomcat started on port 8081 (https) with context path '/'
2025-10-21T00:00:18.730+02:00  INFO [webshop-backend,N/A,N/A] 15980 --- [webshop-backend] [main] [                                                 ] c.w.w.WebshopBackendApplication          : Started WebshopBackendApplication in 22.463 seconds (process running for 25.315)
2025-10-21T00:00:32.498+02:00  INFO [webshop-backend,N/A,N/A] 15980 --- [webshop-backend] [https-jsse-nio-8081-exec-5] [                                                 ] o.a.c.c.C.[Tomcat].[localhost].[/]       : Initializing Spring DispatcherServlet 'dispatcherServlet'
2025-10-21T00:00:32.499+02:00  INFO [webshop-backend,N/A,N/A] 15980 --- [webshop-backend] [https-jsse-nio-8081-exec-5] [                                                 ] o.s.web.servlet.DispatcherServlet        : Initializing Servlet 'dispatcherServlet'
2025-10-21T00:00:32.504+02:00  INFO [webshop-backend,N/A,N/A] 15980 --- [webshop-backend] [https-jsse-nio-8081-exec-5] [                                                 ] o.s.web.servlet.DispatcherServlet        : Completed initialization in 4 ms
2025-10-21T00:01:47.568+02:00 ERROR [webshop-backend,N/A,N/A] 15980 --- [webshop-backend] [OkHttp http://localhost:4318/...] [                                                 ] i.o.exporter.internal.http.HttpExporter  : Failed to export spans. The request could not be executed. Full error message: unexpected end of stream on http://localhost:4318/...

java.io.IOException: unexpected end of stream on http://localhost:4318/...
	at okhttp3.internal.http1.Http1ExchangeCodec.readResponseHeaders(Http1ExchangeCodec.kt:210) ~[okhttp-4.12.0.jar:na]
	at okhttp3.internal.connection.Exchange.readResponseHeaders(Exchange.kt:110) ~[okhttp-4.12.0.jar:na]
	at okhttp3.internal.http.CallServerInterceptor.intercept(CallServerInterceptor.kt:93) ~[okhttp-4.12.0.jar:na]
	at okhttp3.internal.http.RealInterceptorChain.proceed(RealInterceptorChain.kt:109) ~[okhttp-4.12.0.jar:na]
	at okhttp3.internal.connection.ConnectInterceptor.intercept(ConnectInterceptor.kt:34) ~[okhttp-4.12.0.jar:na]
	at okhttp3.internal.http.RealInterceptorChain.proceed(RealInterceptorChain.kt:109) ~[okhttp-4.12.0.jar:na]
	at okhttp3.internal.cache.CacheInterceptor.intercept(CacheInterceptor.kt:95) ~[okhttp-4.12.0.jar:na]
	at okhttp3.internal.http.RealInterceptorChain.proceed(RealInterceptorChain.kt:109) ~[okhttp-4.12.0.jar:na]
	at okhttp3.internal.http.BridgeInterceptor.intercept(BridgeInterceptor.kt:83) ~[okhttp-4.12.0.jar:na]
	at okhttp3.internal.http.RealInterceptorChain.proceed(RealInterceptorChain.kt:109) ~[okhttp-4.12.0.jar:na]
	at okhttp3.internal.http.RetryAndFollowUpInterceptor.intercept(RetryAndFollowUpInterceptor.kt:76) ~[okhttp-4.12.0.jar:na]
	at okhttp3.internal.http.RealInterceptorChain.proceed(RealInterceptorChain.kt:109) ~[okhttp-4.12.0.jar:na]
	at okhttp3.internal.connection.RealCall.getResponseWithInterceptorChain$okhttp(RealCall.kt:201) ~[okhttp-4.12.0.jar:na]
	at okhttp3.internal.connection.RealCall$AsyncCall.run(RealCall.kt:517) ~[okhttp-4.12.0.jar:na]
	at java.base/java.util.concurrent.ThreadPoolExecutor.runWorker(ThreadPoolExecutor.java:1144) ~[na:na]
	at java.base/java.util.concurrent.ThreadPoolExecutor$Worker.run(ThreadPoolExecutor.java:642) ~[na:na]
	at java.base/java.lang.Thread.run(Thread.java:1623) ~[na:na]
	Suppressed: java.io.IOException: unexpected end of stream on http://localhost:4318/...
		... 17 common frames omitted
	Caused by: java.io.EOFException: \n not found: limit=0 content=…
		at okio.RealBufferedSource.readUtf8LineStrict(RealBufferedSource.kt:335)
		at okhttp3.internal.http1.HeadersReader.readLine(HeadersReader.kt:29)
		at okhttp3.internal.http1.Http1ExchangeCodec.readResponseHeaders(Http1ExchangeCodec.kt:180)
		... 16 common frames omitted
Caused by: java.io.EOFException: \n not found: limit=0 content=…
	at okio.RealBufferedSource.readUtf8LineStrict(RealBufferedSource.kt:335) ~[okio-jvm-3.6.0.jar:na]
	at okhttp3.internal.http1.HeadersReader.readLine(HeadersReader.kt:29) ~[okhttp-4.12.0.jar:na]
	at okhttp3.internal.http1.Http1ExchangeCodec.readResponseHeaders(Http1ExchangeCodec.kt:180) ~[okhttp-4.12.0.jar:na]
	... 16 common frames omitted

2025-10-21T00:02:09.100+02:00  INFO [webshop-backend,N/A,N/A] 15980 --- [webshop-backend] [SpringApplicationShutdownHook] [                                                 ] j.LocalContainerEntityManagerFactoryBean : Closing JPA EntityManagerFactory for persistence unit 'default'
2025-10-21T00:02:09.108+02:00  INFO [webshop-backend,N/A,N/A] 15980 --- [webshop-backend] [SpringApplicationShutdownHook] [                                                 ] com.zaxxer.hikari.HikariDataSource       : HikariPool-1 - Shutdown initiated...
2025-10-21T00:02:09.141+02:00  INFO [webshop-backend,N/A,N/A] 15980 --- [webshop-backend] [SpringApplicationShutdownHook] [                                                 ] com.zaxxer.hikari.HikariDataSource       : HikariPool-1 - Shutdown completed.
2025-10-21T16:45:59.135+02:00  INFO [webshop-backend,N/A,N/A] 22412 --- [webshop-backend] [main] [                                                 ] c.w.w.WebshopBackendApplication          : Starting WebshopBackendApplication using Java 20.0.1 with PID 22412 (C:\Users\Miljana\Documents\SEP\Electronic-payment-system\webshop\webshop-backend\target\classes started by Miljana in C:\Users\Miljana\Documents\SEP\Electronic-payment-system\webshop\webshop-backend)
2025-10-21T16:45:59.143+02:00  INFO [webshop-backend,N/A,N/A] 22412 --- [webshop-backend] [main] [                                                 ] c.w.w.WebshopBackendApplication          : No active profile set, falling back to 1 default profile: "default"
2025-10-21T16:46:03.704+02:00  INFO [webshop-backend,N/A,N/A] 22412 --- [webshop-backend] [main] [                                                 ] .s.d.r.c.RepositoryConfigurationDelegate : Bootstrapping Spring Data JPA repositories in DEFAULT mode.
2025-10-21T16:46:04.171+02:00  INFO [webshop-backend,N/A,N/A] 22412 --- [webshop-backend] [main] [                                                 ] .s.d.r.c.RepositoryConfigurationDelegate : Finished Spring Data repository scanning in 444 ms. Found 7 JPA repository interfaces.
2025-10-21T16:46:06.631+02:00  INFO [webshop-backend,N/A,N/A] 22412 --- [webshop-backend] [main] [                                                 ] o.s.b.w.embedded.tomcat.TomcatWebServer  : Tomcat initialized with port 8081 (https)
2025-10-21T16:46:06.655+02:00  INFO [webshop-backend,N/A,N/A] 22412 --- [webshop-backend] [main] [                                                 ] o.apache.catalina.core.StandardService   : Starting service [Tomcat]
2025-10-21T16:46:06.655+02:00  INFO [webshop-backend,N/A,N/A] 22412 --- [webshop-backend] [main] [                                                 ] o.apache.catalina.core.StandardEngine    : Starting Servlet engine: [Apache Tomcat/10.1.31]
2025-10-21T16:46:06.760+02:00  INFO [webshop-backend,N/A,N/A] 22412 --- [webshop-backend] [main] [                                                 ] o.a.c.c.C.[Tomcat].[localhost].[/]       : Initializing Spring embedded WebApplicationContext
2025-10-21T16:46:06.761+02:00  INFO [webshop-backend,N/A,N/A] 22412 --- [webshop-backend] [main] [                                                 ] w.s.c.ServletWebServerApplicationContext : Root WebApplicationContext: initialization completed in 7453 ms
2025-10-21T16:46:09.231+02:00  INFO [webshop-backend,N/A,N/A] 22412 --- [webshop-backend] [main] [                                                 ] o.hibernate.jpa.internal.util.LogHelper  : HHH000204: Processing PersistenceUnitInfo [name: default]
2025-10-21T16:46:09.429+02:00  INFO [webshop-backend,N/A,N/A] 22412 --- [webshop-backend] [main] [                                                 ] org.hibernate.Version                    : HHH000412: Hibernate ORM core version 6.5.3.Final
2025-10-21T16:46:09.518+02:00  INFO [webshop-backend,N/A,N/A] 22412 --- [webshop-backend] [main] [                                                 ] o.h.c.internal.RegionFactoryInitiator    : HHH000026: Second-level cache disabled
2025-10-21T16:46:10.467+02:00  INFO [webshop-backend,N/A,N/A] 22412 --- [webshop-backend] [main] [                                                 ] o.s.o.j.p.SpringPersistenceUnitInfo      : No LoadTimeWeaver setup: ignoring JPA class transformer
2025-10-21T16:46:10.569+02:00  INFO [webshop-backend,N/A,N/A] 22412 --- [webshop-backend] [main] [                                                 ] com.zaxxer.hikari.HikariDataSource       : HikariPool-1 - Starting...
2025-10-21T16:46:11.184+02:00  INFO [webshop-backend,N/A,N/A] 22412 --- [webshop-backend] [main] [                                                 ] com.zaxxer.hikari.pool.HikariPool        : HikariPool-1 - Added connection org.postgresql.jdbc.PgConnection@7af0693b
2025-10-21T16:46:11.188+02:00  INFO [webshop-backend,N/A,N/A] 22412 --- [webshop-backend] [main] [                                                 ] com.zaxxer.hikari.HikariDataSource       : HikariPool-1 - Start completed.
2025-10-21T16:46:11.284+02:00  WARN [webshop-backend,N/A,N/A] 22412 --- [webshop-backend] [main] [                                                 ] org.hibernate.orm.deprecation            : HHH90000025: PostgreSQLDialect does not need to be specified explicitly using 'hibernate.dialect' (remove the property setting and it will be selected by default)
2025-10-21T16:46:14.513+02:00  INFO [webshop-backend,N/A,N/A] 22412 --- [webshop-backend] [main] [                                                 ] o.h.e.t.j.p.i.JtaPlatformInitiator       : HHH000489: No JTA platform available (set 'hibernate.transaction.jta.platform' to enable JTA platform integration)
2025-10-21T16:46:14.914+02:00  INFO [webshop-backend,N/A,N/A] 22412 --- [webshop-backend] [main] [                                                 ] j.LocalContainerEntityManagerFactoryBean : Initialized JPA EntityManagerFactory for persistence unit 'default'
2025-10-21T16:46:16.916+02:00  INFO [webshop-backend,N/A,N/A] 22412 --- [webshop-backend] [main] [                                                 ] o.s.d.j.r.query.QueryEnhancerFactory     : Hibernate is in classpath; If applicable, HQL parser will be used.
2025-10-21T16:46:19.515+02:00  WARN [webshop-backend,N/A,N/A] 22412 --- [webshop-backend] [main] [                                                 ] JpaBaseConfiguration$JpaWebConfiguration : spring.jpa.open-in-view is enabled by default. Therefore, database queries may be performed during view rendering. Explicitly configure spring.jpa.open-in-view to disable this warning
2025-10-21T16:46:19.630+02:00  INFO [webshop-backend,N/A,N/A] 22412 --- [webshop-backend] [main] [                                                 ] r$InitializeUserDetailsManagerConfigurer : Global AuthenticationManager configured with UserDetailsService bean with name jpaUserDetailsService
2025-10-21T16:46:21.165+02:00  INFO [webshop-backend,N/A,N/A] 22412 --- [webshop-backend] [main] [                                                 ] o.s.b.a.e.web.EndpointLinksResolver      : Exposing 1 endpoint beneath base path '/actuator'
2025-10-21T16:46:23.571+02:00  INFO [webshop-backend,N/A,N/A] 22412 --- [webshop-backend] [main] [                                                 ] o.a.t.util.net.NioEndpoint.certificate   : Connector [https-jsse-nio-8081], TLS virtual host [_default_], certificate type [UNDEFINED] configured from keystore [C:\Users\Miljana\.keystore] using alias [webshop] with trust store [null]
2025-10-21T16:46:23.625+02:00  INFO [webshop-backend,N/A,N/A] 22412 --- [webshop-backend] [main] [                                                 ] o.s.b.w.embedded.tomcat.TomcatWebServer  : Tomcat started on port 8081 (https) with context path '/'
2025-10-21T16:46:23.673+02:00  INFO [webshop-backend,N/A,N/A] 22412 --- [webshop-backend] [main] [                                                 ] c.w.w.WebshopBackendApplication          : Started WebshopBackendApplication in 26.274 seconds (process running for 28.675)
2025-10-21T16:46:34.849+02:00  INFO [webshop-backend,N/A,N/A] 22412 --- [webshop-backend] [https-jsse-nio-8081-exec-7] [                                                 ] o.a.c.c.C.[Tomcat].[localhost].[/]       : Initializing Spring DispatcherServlet 'dispatcherServlet'
2025-10-21T16:46:34.849+02:00  INFO [webshop-backend,N/A,N/A] 22412 --- [webshop-backend] [https-jsse-nio-8081-exec-7] [                                                 ] o.s.web.servlet.DispatcherServlet        : Initializing Servlet 'dispatcherServlet'
2025-10-21T16:46:34.854+02:00  INFO [webshop-backend,N/A,N/A] 22412 --- [webshop-backend] [https-jsse-nio-8081-exec-7] [                                                 ] o.s.web.servlet.DispatcherServlet        : Completed initialization in 4 ms
2025-10-21T16:47:57.823+02:00  INFO [webshop-backend,7ed4a63a70a69700a0003f96aca0d1ae,a7a2c355502ecfb0] 22412 --- [webshop-backend] [https-jsse-nio-8081-exec-10] [7ed4a63a70a69700a0003f96aca0d1ae-a7a2c355502ecfb0] c.w.w.controller.AuthController          : Authenticating user: 1
2025-10-21T16:47:58.722+02:00  INFO [webshop-backend,7ed4a63a70a69700a0003f96aca0d1ae,a7a2c355502ecfb0] 22412 --- [webshop-backend] [https-jsse-nio-8081-exec-10] [7ed4a63a70a69700a0003f96aca0d1ae-a7a2c355502ecfb0] c.w.webshop_backend.service.AuthService  : User role: ROLE_USER
2025-10-21T16:47:58.724+02:00  INFO [webshop-backend,7ed4a63a70a69700a0003f96aca0d1ae,a7a2c355502ecfb0] 22412 --- [webshop-backend] [https-jsse-nio-8081-exec-10] [7ed4a63a70a69700a0003f96aca0d1ae-a7a2c355502ecfb0] c.w.webshop_backend.service.AuthService  : Token requested for user :[ROLE_USER]
2025-10-21T16:56:48.089+02:00  INFO [webshop-backend,N/A,N/A] 22412 --- [webshop-backend] [SpringApplicationShutdownHook] [                                                 ] j.LocalContainerEntityManagerFactoryBean : Closing JPA EntityManagerFactory for persistence unit 'default'
2025-10-21T16:56:48.097+02:00  INFO [webshop-backend,N/A,N/A] 22412 --- [webshop-backend] [SpringApplicationShutdownHook] [                                                 ] com.zaxxer.hikari.HikariDataSource       : HikariPool-1 - Shutdown initiated...
2025-10-21T16:56:48.107+02:00  INFO [webshop-backend,N/A,N/A] 22412 --- [webshop-backend] [SpringApplicationShutdownHook] [                                                 ] com.zaxxer.hikari.HikariDataSource       : HikariPool-1 - Shutdown completed.
2025-10-21T16:56:55.483+02:00  INFO [webshop-backend,N/A,N/A] 6216 --- [webshop-backend] [main] [                                                 ] c.w.w.WebshopBackendApplication          : Starting WebshopBackendApplication using Java 20.0.1 with PID 6216 (C:\Users\Miljana\Documents\SEP\Electronic-payment-system\webshop\webshop-backend\target\classes started by Miljana in C:\Users\Miljana\Documents\SEP\Electronic-payment-system\webshop\webshop-backend)
2025-10-21T16:56:55.487+02:00  INFO [webshop-backend,N/A,N/A] 6216 --- [webshop-backend] [main] [                                                 ] c.w.w.WebshopBackendApplication          : No active profile set, falling back to 1 default profile: "default"
2025-10-21T16:56:58.517+02:00  INFO [webshop-backend,N/A,N/A] 6216 --- [webshop-backend] [main] [                                                 ] .s.d.r.c.RepositoryConfigurationDelegate : Bootstrapping Spring Data JPA repositories in DEFAULT mode.
2025-10-21T16:56:58.793+02:00  INFO [webshop-backend,N/A,N/A] 6216 --- [webshop-backend] [main] [                                                 ] .s.d.r.c.RepositoryConfigurationDelegate : Finished Spring Data repository scanning in 265 ms. Found 7 JPA repository interfaces.
2025-10-21T16:57:00.509+02:00  INFO [webshop-backend,N/A,N/A] 6216 --- [webshop-backend] [main] [                                                 ] o.s.b.w.embedded.tomcat.TomcatWebServer  : Tomcat initialized with port 8081 (https)
2025-10-21T16:57:00.532+02:00  INFO [webshop-backend,N/A,N/A] 6216 --- [webshop-backend] [main] [                                                 ] o.apache.catalina.core.StandardService   : Starting service [Tomcat]
2025-10-21T16:57:00.532+02:00  INFO [webshop-backend,N/A,N/A] 6216 --- [webshop-backend] [main] [                                                 ] o.apache.catalina.core.StandardEngine    : Starting Servlet engine: [Apache Tomcat/10.1.31]
2025-10-21T16:57:00.631+02:00  INFO [webshop-backend,N/A,N/A] 6216 --- [webshop-backend] [main] [                                                 ] o.a.c.c.C.[Tomcat].[localhost].[/]       : Initializing Spring embedded WebApplicationContext
2025-10-21T16:57:00.632+02:00  INFO [webshop-backend,N/A,N/A] 6216 --- [webshop-backend] [main] [                                                 ] w.s.c.ServletWebServerApplicationContext : Root WebApplicationContext: initialization completed in 5005 ms
2025-10-21T16:57:01.743+02:00  INFO [webshop-backend,N/A,N/A] 6216 --- [webshop-backend] [main] [                                                 ] o.hibernate.jpa.internal.util.LogHelper  : HHH000204: Processing PersistenceUnitInfo [name: default]
2025-10-21T16:57:01.856+02:00  INFO [webshop-backend,N/A,N/A] 6216 --- [webshop-backend] [main] [                                                 ] org.hibernate.Version                    : HHH000412: Hibernate ORM core version 6.5.3.Final
2025-10-21T16:57:01.910+02:00  INFO [webshop-backend,N/A,N/A] 6216 --- [webshop-backend] [main] [                                                 ] o.h.c.internal.RegionFactoryInitiator    : HHH000026: Second-level cache disabled
2025-10-21T16:57:02.409+02:00  INFO [webshop-backend,N/A,N/A] 6216 --- [webshop-backend] [main] [                                                 ] o.s.o.j.p.SpringPersistenceUnitInfo      : No LoadTimeWeaver setup: ignoring JPA class transformer
2025-10-21T16:57:02.498+02:00  INFO [webshop-backend,N/A,N/A] 6216 --- [webshop-backend] [main] [                                                 ] com.zaxxer.hikari.HikariDataSource       : HikariPool-1 - Starting...
2025-10-21T16:57:02.840+02:00  INFO [webshop-backend,N/A,N/A] 6216 --- [webshop-backend] [main] [                                                 ] com.zaxxer.hikari.pool.HikariPool        : HikariPool-1 - Added connection org.postgresql.jdbc.PgConnection@8d52313
2025-10-21T16:57:02.843+02:00  INFO [webshop-backend,N/A,N/A] 6216 --- [webshop-backend] [main] [                                                 ] com.zaxxer.hikari.HikariDataSource       : HikariPool-1 - Start completed.
2025-10-21T16:57:02.902+02:00  WARN [webshop-backend,N/A,N/A] 6216 --- [webshop-backend] [main] [                                                 ] org.hibernate.orm.deprecation            : HHH90000025: PostgreSQLDialect does not need to be specified explicitly using 'hibernate.dialect' (remove the property setting and it will be selected by default)
2025-10-21T16:57:04.881+02:00  INFO [webshop-backend,N/A,N/A] 6216 --- [webshop-backend] [main] [                                                 ] o.h.e.t.j.p.i.JtaPlatformInitiator       : HHH000489: No JTA platform available (set 'hibernate.transaction.jta.platform' to enable JTA platform integration)
2025-10-21T16:57:05.223+02:00  INFO [webshop-backend,N/A,N/A] 6216 --- [webshop-backend] [main] [                                                 ] j.LocalContainerEntityManagerFactoryBean : Initialized JPA EntityManagerFactory for persistence unit 'default'
2025-10-21T16:57:06.106+02:00  INFO [webshop-backend,N/A,N/A] 6216 --- [webshop-backend] [main] [                                                 ] o.s.d.j.r.query.QueryEnhancerFactory     : Hibernate is in classpath; If applicable, HQL parser will be used.
2025-10-21T16:57:07.627+02:00  WARN [webshop-backend,N/A,N/A] 6216 --- [webshop-backend] [main] [                                                 ] JpaBaseConfiguration$JpaWebConfiguration : spring.jpa.open-in-view is enabled by default. Therefore, database queries may be performed during view rendering. Explicitly configure spring.jpa.open-in-view to disable this warning
2025-10-21T16:57:07.699+02:00  INFO [webshop-backend,N/A,N/A] 6216 --- [webshop-backend] [main] [                                                 ] r$InitializeUserDetailsManagerConfigurer : Global AuthenticationManager configured with UserDetailsService bean with name jpaUserDetailsService
2025-10-21T16:57:08.526+02:00  INFO [webshop-backend,N/A,N/A] 6216 --- [webshop-backend] [main] [                                                 ] o.s.b.a.e.web.EndpointLinksResolver      : Exposing 1 endpoint beneath base path '/actuator'
2025-10-21T16:57:09.861+02:00  INFO [webshop-backend,N/A,N/A] 6216 --- [webshop-backend] [main] [                                                 ] o.a.t.util.net.NioEndpoint.certificate   : Connector [https-jsse-nio-8081], TLS virtual host [_default_], certificate type [UNDEFINED] configured from keystore [C:\Users\Miljana\.keystore] using alias [webshop] with trust store [null]
2025-10-21T16:57:09.885+02:00  INFO [webshop-backend,N/A,N/A] 6216 --- [webshop-backend] [main] [                                                 ] o.s.b.w.embedded.tomcat.TomcatWebServer  : Tomcat started on port 8081 (https) with context path '/'
2025-10-21T16:57:09.906+02:00  INFO [webshop-backend,N/A,N/A] 6216 --- [webshop-backend] [main] [                                                 ] c.w.w.WebshopBackendApplication          : Started WebshopBackendApplication in 15.632 seconds (process running for 18.581)
2025-10-21T16:57:19.149+02:00  INFO [webshop-backend,N/A,N/A] 6216 --- [webshop-backend] [https-jsse-nio-8081-exec-2] [                                                 ] o.a.c.c.C.[Tomcat].[localhost].[/]       : Initializing Spring DispatcherServlet 'dispatcherServlet'
2025-10-21T16:57:19.150+02:00  INFO [webshop-backend,N/A,N/A] 6216 --- [webshop-backend] [https-jsse-nio-8081-exec-2] [                                                 ] o.s.web.servlet.DispatcherServlet        : Initializing Servlet 'dispatcherServlet'
2025-10-21T16:57:19.152+02:00  INFO [webshop-backend,N/A,N/A] 6216 --- [webshop-backend] [https-jsse-nio-8081-exec-2] [                                                 ] o.s.web.servlet.DispatcherServlet        : Completed initialization in 2 ms
2025-10-21T16:57:39.982+02:00  INFO [webshop-backend,N/A,N/A] 6216 --- [webshop-backend] [SpringApplicationShutdownHook] [                                                 ] j.LocalContainerEntityManagerFactoryBean : Closing JPA EntityManagerFactory for persistence unit 'default'
2025-10-21T16:57:39.985+02:00  INFO [webshop-backend,N/A,N/A] 6216 --- [webshop-backend] [SpringApplicationShutdownHook] [                                                 ] com.zaxxer.hikari.HikariDataSource       : HikariPool-1 - Shutdown initiated...
2025-10-21T16:57:39.999+02:00  INFO [webshop-backend,N/A,N/A] 6216 --- [webshop-backend] [SpringApplicationShutdownHook] [                                                 ] com.zaxxer.hikari.HikariDataSource       : HikariPool-1 - Shutdown completed.
2025-10-21T16:58:21.512+02:00  INFO [webshop-backend,N/A,N/A] 5104 --- [webshop-backend] [main] [                                                 ] c.w.w.WebshopBackendApplication          : Starting WebshopBackendApplication using Java 20.0.1 with PID 5104 (C:\Users\Miljana\Documents\SEP\Electronic-payment-system\webshop\webshop-backend\target\classes started by Miljana in C:\Users\Miljana\Documents\SEP\Electronic-payment-system\webshop\webshop-backend)
2025-10-21T16:58:21.517+02:00  INFO [webshop-backend,N/A,N/A] 5104 --- [webshop-backend] [main] [                                                 ] c.w.w.WebshopBackendApplication          : No active profile set, falling back to 1 default profile: "default"
2025-10-21T16:58:23.778+02:00  INFO [webshop-backend,N/A,N/A] 5104 --- [webshop-backend] [main] [                                                 ] .s.d.r.c.RepositoryConfigurationDelegate : Bootstrapping Spring Data JPA repositories in DEFAULT mode.
2025-10-21T16:58:24.080+02:00  INFO [webshop-backend,N/A,N/A] 5104 --- [webshop-backend] [main] [                                                 ] .s.d.r.c.RepositoryConfigurationDelegate : Finished Spring Data repository scanning in 291 ms. Found 7 JPA repository interfaces.
2025-10-21T16:58:26.668+02:00  INFO [webshop-backend,N/A,N/A] 5104 --- [webshop-backend] [main] [                                                 ] o.s.b.w.embedded.tomcat.TomcatWebServer  : Tomcat initialized with port 8081 (https)
2025-10-21T16:58:26.700+02:00  INFO [webshop-backend,N/A,N/A] 5104 --- [webshop-backend] [main] [                                                 ] o.apache.catalina.core.StandardService   : Starting service [Tomcat]
2025-10-21T16:58:26.701+02:00  INFO [webshop-backend,N/A,N/A] 5104 --- [webshop-backend] [main] [                                                 ] o.apache.catalina.core.StandardEngine    : Starting Servlet engine: [Apache Tomcat/10.1.31]
2025-10-21T16:58:26.851+02:00  INFO [webshop-backend,N/A,N/A] 5104 --- [webshop-backend] [main] [                                                 ] o.a.c.c.C.[Tomcat].[localhost].[/]       : Initializing Spring embedded WebApplicationContext
2025-10-21T16:58:26.852+02:00  INFO [webshop-backend,N/A,N/A] 5104 --- [webshop-backend] [main] [                                                 ] w.s.c.ServletWebServerApplicationContext : Root WebApplicationContext: initialization completed in 5232 ms
2025-10-21T16:58:29.214+02:00  INFO [webshop-backend,N/A,N/A] 5104 --- [webshop-backend] [main] [                                                 ] o.hibernate.jpa.internal.util.LogHelper  : HHH000204: Processing PersistenceUnitInfo [name: default]
2025-10-21T16:58:29.368+02:00  INFO [webshop-backend,N/A,N/A] 5104 --- [webshop-backend] [main] [                                                 ] org.hibernate.Version                    : HHH000412: Hibernate ORM core version 6.5.3.Final
2025-10-21T16:58:29.461+02:00  INFO [webshop-backend,N/A,N/A] 5104 --- [webshop-backend] [main] [                                                 ] o.h.c.internal.RegionFactoryInitiator    : HHH000026: Second-level cache disabled
2025-10-21T16:58:29.978+02:00  INFO [webshop-backend,N/A,N/A] 5104 --- [webshop-backend] [main] [                                                 ] o.s.o.j.p.SpringPersistenceUnitInfo      : No LoadTimeWeaver setup: ignoring JPA class transformer
2025-10-21T16:58:30.025+02:00  INFO [webshop-backend,N/A,N/A] 5104 --- [webshop-backend] [main] [                                                 ] com.zaxxer.hikari.HikariDataSource       : HikariPool-1 - Starting...
2025-10-21T16:58:30.294+02:00  INFO [webshop-backend,N/A,N/A] 5104 --- [webshop-backend] [main] [                                                 ] com.zaxxer.hikari.pool.HikariPool        : HikariPool-1 - Added connection org.postgresql.jdbc.PgConnection@3911fec8
2025-10-21T16:58:30.298+02:00  INFO [webshop-backend,N/A,N/A] 5104 --- [webshop-backend] [main] [                                                 ] com.zaxxer.hikari.HikariDataSource       : HikariPool-1 - Start completed.
2025-10-21T16:58:30.407+02:00  WARN [webshop-backend,N/A,N/A] 5104 --- [webshop-backend] [main] [                                                 ] org.hibernate.orm.deprecation            : HHH90000025: PostgreSQLDialect does not need to be specified explicitly using 'hibernate.dialect' (remove the property setting and it will be selected by default)
2025-10-21T16:58:34.085+02:00  INFO [webshop-backend,N/A,N/A] 5104 --- [webshop-backend] [main] [                                                 ] o.h.e.t.j.p.i.JtaPlatformInitiator       : HHH000489: No JTA platform available (set 'hibernate.transaction.jta.platform' to enable JTA platform integration)
2025-10-21T16:58:34.396+02:00  INFO [webshop-backend,N/A,N/A] 5104 --- [webshop-backend] [main] [                                                 ] j.LocalContainerEntityManagerFactoryBean : Initialized JPA EntityManagerFactory for persistence unit 'default'
2025-10-21T16:58:36.273+02:00  INFO [webshop-backend,N/A,N/A] 5104 --- [webshop-backend] [main] [                                                 ] o.s.d.j.r.query.QueryEnhancerFactory     : Hibernate is in classpath; If applicable, HQL parser will be used.
2025-10-21T16:58:38.005+02:00  WARN [webshop-backend,N/A,N/A] 5104 --- [webshop-backend] [main] [                                                 ] JpaBaseConfiguration$JpaWebConfiguration : spring.jpa.open-in-view is enabled by default. Therefore, database queries may be performed during view rendering. Explicitly configure spring.jpa.open-in-view to disable this warning
2025-10-21T16:58:38.068+02:00  INFO [webshop-backend,N/A,N/A] 5104 --- [webshop-backend] [main] [                                                 ] r$InitializeUserDetailsManagerConfigurer : Global AuthenticationManager configured with UserDetailsService bean with name jpaUserDetailsService
2025-10-21T16:58:40.093+02:00  INFO [webshop-backend,N/A,N/A] 5104 --- [webshop-backend] [main] [                                                 ] o.s.b.a.e.web.EndpointLinksResolver      : Exposing 1 endpoint beneath base path '/actuator'
2025-10-21T16:58:42.950+02:00  INFO [webshop-backend,N/A,N/A] 5104 --- [webshop-backend] [main] [                                                 ] o.a.t.util.net.NioEndpoint.certificate   : Connector [https-jsse-nio-8081], TLS virtual host [_default_], certificate type [UNDEFINED] configured from keystore [C:\Users\Miljana\.keystore] using alias [webshop] with trust store [null]
2025-10-21T16:58:43.004+02:00  INFO [webshop-backend,N/A,N/A] 5104 --- [webshop-backend] [main] [                                                 ] o.s.b.w.embedded.tomcat.TomcatWebServer  : Tomcat started on port 8081 (https) with context path '/'
2025-10-21T16:58:43.038+02:00  INFO [webshop-backend,N/A,N/A] 5104 --- [webshop-backend] [main] [                                                 ] c.w.w.WebshopBackendApplication          : Started WebshopBackendApplication in 22.374 seconds (process running for 23.924)
2025-10-21T16:58:43.501+02:00  INFO [webshop-backend,N/A,N/A] 5104 --- [webshop-backend] [RMI TCP Connection(5)-172.24.240.1] [                                                 ] o.a.c.c.C.[Tomcat].[localhost].[/]       : Initializing Spring DispatcherServlet 'dispatcherServlet'
2025-10-21T16:58:43.502+02:00  INFO [webshop-backend,N/A,N/A] 5104 --- [webshop-backend] [RMI TCP Connection(5)-172.24.240.1] [                                                 ] o.s.web.servlet.DispatcherServlet        : Initializing Servlet 'dispatcherServlet'
2025-10-21T16:58:43.505+02:00  INFO [webshop-backend,N/A,N/A] 5104 --- [webshop-backend] [RMI TCP Connection(5)-172.24.240.1] [                                                 ] o.s.web.servlet.DispatcherServlet        : Completed initialization in 3 ms
2025-10-21T17:00:22.206+02:00  INFO [webshop-backend,N/A,N/A] 5104 --- [webshop-backend] [SpringApplicationShutdownHook] [                                                 ] j.LocalContainerEntityManagerFactoryBean : Closing JPA EntityManagerFactory for persistence unit 'default'
2025-10-21T17:00:22.209+02:00  INFO [webshop-backend,N/A,N/A] 5104 --- [webshop-backend] [SpringApplicationShutdownHook] [                                                 ] com.zaxxer.hikari.HikariDataSource       : HikariPool-1 - Shutdown initiated...
2025-10-21T17:00:22.216+02:00  INFO [webshop-backend,N/A,N/A] 5104 --- [webshop-backend] [SpringApplicationShutdownHook] [                                                 ] com.zaxxer.hikari.HikariDataSource       : HikariPool-1 - Shutdown completed.
2025-10-21T17:00:28.119+02:00  INFO [webshop-backend,N/A,N/A] 5800 --- [webshop-backend] [main] [                                                 ] c.w.w.WebshopBackendApplication          : Starting WebshopBackendApplication using Java 20.0.1 with PID 5800 (C:\Users\Miljana\Documents\SEP\Electronic-payment-system\webshop\webshop-backend\target\classes started by Miljana in C:\Users\Miljana\Documents\SEP\Electronic-payment-system\webshop\webshop-backend)
2025-10-21T17:00:28.124+02:00  INFO [webshop-backend,N/A,N/A] 5800 --- [webshop-backend] [main] [                                                 ] c.w.w.WebshopBackendApplication          : No active profile set, falling back to 1 default profile: "default"
2025-10-21T17:00:29.717+02:00  INFO [webshop-backend,N/A,N/A] 5800 --- [webshop-backend] [main] [                                                 ] .s.d.r.c.RepositoryConfigurationDelegate : Bootstrapping Spring Data JPA repositories in DEFAULT mode.
2025-10-21T17:00:29.911+02:00  INFO [webshop-backend,N/A,N/A] 5800 --- [webshop-backend] [main] [                                                 ] .s.d.r.c.RepositoryConfigurationDelegate : Finished Spring Data repository scanning in 184 ms. Found 7 JPA repository interfaces.
2025-10-21T17:00:31.153+02:00  INFO [webshop-backend,N/A,N/A] 5800 --- [webshop-backend] [main] [                                                 ] o.s.b.w.embedded.tomcat.TomcatWebServer  : Tomcat initialized with port 8081 (https)
2025-10-21T17:00:31.173+02:00  INFO [webshop-backend,N/A,N/A] 5800 --- [webshop-backend] [main] [                                                 ] o.apache.catalina.core.StandardService   : Starting service [Tomcat]
2025-10-21T17:00:31.174+02:00  INFO [webshop-backend,N/A,N/A] 5800 --- [webshop-backend] [main] [                                                 ] o.apache.catalina.core.StandardEngine    : Starting Servlet engine: [Apache Tomcat/10.1.31]
2025-10-21T17:00:31.261+02:00  INFO [webshop-backend,N/A,N/A] 5800 --- [webshop-backend] [main] [                                                 ] o.a.c.c.C.[Tomcat].[localhost].[/]       : Initializing Spring embedded WebApplicationContext
2025-10-21T17:00:31.262+02:00  INFO [webshop-backend,N/A,N/A] 5800 --- [webshop-backend] [main] [                                                 ] w.s.c.ServletWebServerApplicationContext : Root WebApplicationContext: initialization completed in 3070 ms
2025-10-21T17:00:32.167+02:00  INFO [webshop-backend,N/A,N/A] 5800 --- [webshop-backend] [main] [                                                 ] o.hibernate.jpa.internal.util.LogHelper  : HHH000204: Processing PersistenceUnitInfo [name: default]
2025-10-21T17:00:32.261+02:00  INFO [webshop-backend,N/A,N/A] 5800 --- [webshop-backend] [main] [                                                 ] org.hibernate.Version                    : HHH000412: Hibernate ORM core version 6.5.3.Final
2025-10-21T17:00:32.316+02:00  INFO [webshop-backend,N/A,N/A] 5800 --- [webshop-backend] [main] [                                                 ] o.h.c.internal.RegionFactoryInitiator    : HHH000026: Second-level cache disabled
2025-10-21T17:00:32.751+02:00  INFO [webshop-backend,N/A,N/A] 5800 --- [webshop-backend] [main] [                                                 ] o.s.o.j.p.SpringPersistenceUnitInfo      : No LoadTimeWeaver setup: ignoring JPA class transformer
2025-10-21T17:00:32.792+02:00  INFO [webshop-backend,N/A,N/A] 5800 --- [webshop-backend] [main] [                                                 ] com.zaxxer.hikari.HikariDataSource       : HikariPool-1 - Starting...
2025-10-21T17:00:33.112+02:00  INFO [webshop-backend,N/A,N/A] 5800 --- [webshop-backend] [main] [                                                 ] com.zaxxer.hikari.pool.HikariPool        : HikariPool-1 - Added connection org.postgresql.jdbc.PgConnection@43e2b8da
2025-10-21T17:00:33.114+02:00  INFO [webshop-backend,N/A,N/A] 5800 --- [webshop-backend] [main] [                                                 ] com.zaxxer.hikari.HikariDataSource       : HikariPool-1 - Start completed.
2025-10-21T17:00:33.165+02:00  WARN [webshop-backend,N/A,N/A] 5800 --- [webshop-backend] [main] [                                                 ] org.hibernate.orm.deprecation            : HHH90000025: PostgreSQLDialect does not need to be specified explicitly using 'hibernate.dialect' (remove the property setting and it will be selected by default)
2025-10-21T17:00:34.880+02:00  INFO [webshop-backend,N/A,N/A] 5800 --- [webshop-backend] [main] [                                                 ] o.h.e.t.j.p.i.JtaPlatformInitiator       : HHH000489: No JTA platform available (set 'hibernate.transaction.jta.platform' to enable JTA platform integration)
2025-10-21T17:00:35.184+02:00  INFO [webshop-backend,N/A,N/A] 5800 --- [webshop-backend] [main] [                                                 ] j.LocalContainerEntityManagerFactoryBean : Initialized JPA EntityManagerFactory for persistence unit 'default'
2025-10-21T17:00:35.887+02:00  INFO [webshop-backend,N/A,N/A] 5800 --- [webshop-backend] [main] [                                                 ] o.s.d.j.r.query.QueryEnhancerFactory     : Hibernate is in classpath; If applicable, HQL parser will be used.
2025-10-21T17:00:37.281+02:00  WARN [webshop-backend,N/A,N/A] 5800 --- [webshop-backend] [main] [                                                 ] JpaBaseConfiguration$JpaWebConfiguration : spring.jpa.open-in-view is enabled by default. Therefore, database queries may be performed during view rendering. Explicitly configure spring.jpa.open-in-view to disable this warning
2025-10-21T17:00:37.327+02:00  INFO [webshop-backend,N/A,N/A] 5800 --- [webshop-backend] [main] [                                                 ] r$InitializeUserDetailsManagerConfigurer : Global AuthenticationManager configured with UserDetailsService bean with name jpaUserDetailsService
2025-10-21T17:00:38.110+02:00  INFO [webshop-backend,N/A,N/A] 5800 --- [webshop-backend] [main] [                                                 ] o.s.b.a.e.web.EndpointLinksResolver      : Exposing 1 endpoint beneath base path '/actuator'
2025-10-21T17:00:39.214+02:00  INFO [webshop-backend,N/A,N/A] 5800 --- [webshop-backend] [main] [                                                 ] o.a.t.util.net.NioEndpoint.certificate   : Connector [https-jsse-nio-8081], TLS virtual host [_default_], certificate type [UNDEFINED] configured from keystore [C:\Users\Miljana\.keystore] using alias [webshop] with trust store [null]
2025-10-21T17:00:39.233+02:00  INFO [webshop-backend,N/A,N/A] 5800 --- [webshop-backend] [main] [                                                 ] o.s.b.w.embedded.tomcat.TomcatWebServer  : Tomcat started on port 8081 (https) with context path '/'
2025-10-21T17:00:39.265+02:00  INFO [webshop-backend,N/A,N/A] 5800 --- [webshop-backend] [main] [                                                 ] c.w.w.WebshopBackendApplication          : Started WebshopBackendApplication in 12.026 seconds (process running for 13.265)
2025-10-21T17:00:39.719+02:00  INFO [webshop-backend,N/A,N/A] 5800 --- [webshop-backend] [RMI TCP Connection(7)-172.24.240.1] [                                                 ] o.a.c.c.C.[Tomcat].[localhost].[/]       : Initializing Spring DispatcherServlet 'dispatcherServlet'
2025-10-21T17:00:39.720+02:00  INFO [webshop-backend,N/A,N/A] 5800 --- [webshop-backend] [RMI TCP Connection(7)-172.24.240.1] [                                                 ] o.s.web.servlet.DispatcherServlet        : Initializing Servlet 'dispatcherServlet'
2025-10-21T17:00:39.724+02:00  INFO [webshop-backend,N/A,N/A] 5800 --- [webshop-backend] [RMI TCP Connection(7)-172.24.240.1] [                                                 ] o.s.web.servlet.DispatcherServlet        : Completed initialization in 3 ms
2025-10-21T17:26:59.911+02:00  INFO [webshop-backend,N/A,N/A] 5800 --- [webshop-backend] [SpringApplicationShutdownHook] [                                                 ] j.LocalContainerEntityManagerFactoryBean : Closing JPA EntityManagerFactory for persistence unit 'default'
2025-10-21T17:26:59.938+02:00  INFO [webshop-backend,N/A,N/A] 5800 --- [webshop-backend] [SpringApplicationShutdownHook] [                                                 ] com.zaxxer.hikari.HikariDataSource       : HikariPool-1 - Shutdown initiated...
2025-10-21T17:26:59.958+02:00  INFO [webshop-backend,N/A,N/A] 5800 --- [webshop-backend] [SpringApplicationShutdownHook] [                                                 ] com.zaxxer.hikari.HikariDataSource       : HikariPool-1 - Shutdown completed.
